
D:\RIO>cd newrio

D:\RIO\newRIO>node testMode.js
Testing started.
Database server listening at port 4800
starting emotion received:  [ 0, 0, 0, 0, 0, 0 ]
current stimuli influence received:  [
  {
    beforeAlteration: [ 0, 0, 0, 0, 0, 0 ],
    afterAlteration: [ 0, 0, 0, 0, 0, 0 ],
    stimulusName: 'undeterminedStimulus_',
    influence: 0
  }
]
ending emotion received:  [ 0, 0, 0, 0, 0, 0 ]
new cycle:  1
Conditioned to the test basic emotion stimuli.
starting emotion received:  [ 0, 0, 0, 0, 0, 0 ]
current stimuli influence received:  [
  {
    beforeAlteration: [ 0, 0, 0, 0, 0, 0 ],
    afterAlteration: [ 0, 0, 0, 0, 0, 0 ],
    stimulusName: 'undeterminedStimulus_',
    influence: 0
  }
]
ending emotion received:  [ 0, 0, 0, 0, 0, 0 ]
new cycle:  2
starting emotion received:  [ 0, 0, 0, 0, 0, 0 ]
current stimuli influence received:  [
  {
    beforeAlteration: [ 0, 0, 0, 0, 0, 0 ],
    afterAlteration: [ 0, 0, 0, 0, 0, 0 ],
    stimulusName: 'undeterminedStimulus_',
    influence: 0
  }
]
ending emotion received:  [ 0, 0, 0, 0, 0, 0 ]
new cycle:  3
starting emotion received:  [ 0, 0, 0, 0, 0, 0 ]
current stimuli influence received:  [
  {
    beforeAlteration: [ 0, 0, 0, 0, 0, 0 ],
    afterAlteration: [ 0, 0, 0, 0, 0, 0 ],
    stimulusName: 'speaker2_personStim_',
    influence: 0
  },
  {
    beforeAlteration: [ 0, 0, 0, 0, 0, 0 ],
    afterAlteration: [ 0, 0, 0, 0, 0, 0 ],
    stimulusName: 'undeterminedStimulus_',
    influence: 0
  }
]
ending emotion received:  [ 0, 0, 0, 0, 0, 0 ]
new cycle:  4
starting emotion received:  [ 0, 0, 0, 0, 0, 0 ]
current stimuli influence received:  [
  {
    beforeAlteration: [ 0, 0, 0, 0, 0, 0 ],
    afterAlteration: [ 0, 0, 0, 0, 0, 0 ],
    stimulusName: 'undeterminedStimulus_',
    influence: 0
  }
]
ending emotion received:  [ 0, 0, 0, 0, 0, 0 ]
new cycle:  5
starting emotion received:  [ 0, 0, 0, 0, 0, 0 ]
current stimuli influence received:  [
  {
    beforeAlteration: [ 0, 0, 0, 0, 0, 0 ],
    afterAlteration: [ 0, 0, 0, 0, 0, 0 ],
    stimulusName: 'speaker1_personStim_',
    influence: 0
  },
  {
    beforeAlteration: [ 0, 0, 0, 0, 0, 0 ],
    afterAlteration: [ 0, 0, 0, 0, 0, 0 ],
    stimulusName: 'undeterminedStimulus_',
    influence: 0
  }
]
ending emotion received:  [ 0, 0, 0, 0, 0, 0 ]
new cycle:  6
starting emotion received:  [ 0, 0, 0, 0, 0, 0 ]
current stimuli influence received:  [
  {
    beforeAlteration: [ 0, 0, 0, 0, 0, 0 ],
    afterAlteration: [ 0, 0, 0, 0, 0, 0 ],
    stimulusName: 'undeterminedStimulus_',
    influence: 0
  }
]
ending emotion received:  [ 0, 0, 0, 0, 0, 0 ]
new cycle:  7
starting emotion received:  [ 0, 0, 0, 0, 0, 0 ]
current stimuli influence received:  [
  {
    beforeAlteration: [ 0, 0, 0, 0, 0, 0 ],
    afterAlteration: [ 0, 0, 0, 0, 0, 0 ],
    stimulusName: 'undeterminedStimulus_',
    influence: 0
  }
]
ending emotion received:  [ 0, 0, 0, 0, 0, 0 ]
new cycle:  8
starting emotion received:  [ 0, 0, 0, 0, 0, 0 ]
current stimuli influence received:  [
  {
    beforeAlteration: [ 0, 0, 0, 0, 0, 0 ],
    afterAlteration: [ 0, 0, 0, 0, 0, 0 ],
    stimulusName: 'undeterminedStimulus_',
    influence: 0
  }
]
ending emotion received:  [ 0, 0, 0, 0, 0, 0 ]
new cycle:  9
starting emotion received:  [ 0, 0, 0, 0, 0, 0 ]
current stimuli influence received:  [
  {
    beforeAlteration: [ 0, 0, 0, 0, 0, 0 ],
    afterAlteration: [ 0, 0, 0, 0, 0, 0 ],
    stimulusName: 'undeterminedStimulus_',
    influence: 0
  }
]
ending emotion received:  [ 0, 0, 0, 0, 0, 0 ]
new cycle:  10
disliked speaker conditioning done for:  x1
perception change objects received:  [
  {
    stimulusName: 'x1',
    beforeAlteration: [ 0, 0, 0, 0, 0, 0 ],
    afterAlteration: [
      0.04200000000000001,
      0.42000000000000004,
      0.04200000000000001,
      0.04200000000000001,
      0.04200000000000001,
      0.42000000000000004
    ],
    influence: 0.3299996700000001
  }
]
starting emotion received:  [ 0, 0, 0, 0, 0, 0 ]
current stimuli influence received:  [
  {
    beforeAlteration: [ 0, 0, 0, 0, 0, 0 ],
    afterAlteration: [
      0.022024800000000004,
      0.220248,
      0.022024800000000004,
      0.022024800000000004,
      0.022024800000000004,
      0.220248
    ],
    stimulusName: 'x1',
    influence: 0.17305182694800003
  },
  {
    beforeAlteration: [
      0.022024800000000004,
      0.220248,
      0.022024800000000004,
      0.022024800000000004,
      0.022024800000000004,
      0.220248
    ],
    afterAlteration: [
      0.020262816000000003,
      0.20262816,
      0.020262816000000003,
      0.020262816000000003,
      0.020262816000000003,
      0.20262816
    ],
    stimulusName: 'undeterminedStimulus_',
    influence: 0.00692207307792
  }
]
short term objects received:  [ { stimulusName: 'x1', influence: 0.17305182694800003 } ]
ending emotion received:  [
  0.020262816000000003,
  0.20262816,
  0.020262816000000003,
  0.020262816000000003,
  0.020262816000000003,
  0.20262816
]
new cycle:  11
starting emotion received:  [
  0.020262816000000003,
  0.20262816,
  0.020262816000000003,
  0.020262816000000003,
  0.020262816000000003,
  0.20262816
]
current stimuli influence received:  [
  {
    beforeAlteration: [
      0.020262816000000003,
      0.20262816,
      0.020262816000000003,
      0.020262816000000003,
      0.020262816000000003,
      0.20262816
    ],
    afterAlteration: [
      0.025962305644800003,
      0.259623056448,
      0.025962305644800003,
      0.025962305644800003,
      0.025962305644800003,
      0.259623056448
    ],
    stimulusName: 'x1',
    influence: 0.10891674325914784
  },
  {
    beforeAlteration: [
      0.025962305644800003,
      0.259623056448,
      0.025962305644800003,
      0.025962305644800003,
      0.025962305644800003,
      0.259623056448
    ],
    afterAlteration: [
      0.023885321193216003,
      0.23885321193216,
      0.023885321193216003,
      0.023885321193216003,
      0.023885321193216003,
      0.23885321193216
    ],
    stimulusName: 'undeterminedStimulus_',
    influence: 0.015081646692418224
  }
]
short term objects received:  [ { stimulusName: 'x1', influence: 0.10891674325914784 } ]
ending emotion received:  [
  0.023885321193216003,
  0.23885321193216,
  0.023885321193216003,
  0.023885321193216003,
  0.023885321193216003,
  0.23885321193216
]
new cycle:  12
starting emotion received:  [
  0.023885321193216003,
  0.23885321193216,
  0.023885321193216003,
  0.023885321193216003,
  0.023885321193216003,
  0.23885321193216
]
current stimuli influence received:  [
  {
    beforeAlteration: [
      0.023885321193216003,
      0.23885321193216,
      0.023885321193216003,
      0.023885321193216003,
      0.023885321193216003,
      0.23885321193216
    ],
    afterAlteration: [
      0.02705176704864185,
      0.27051767048641845,
      0.02705176704864185,
      0.02705176704864185,
      0.02705176704864185,
      0.27051767048641845
    ],
    stimulusName: 'x1',
    influence: 0.0348304260632835
  },
  {
    beforeAlteration: [
      0.02705176704864185,
      0.27051767048641845,
      0.02705176704864185,
      0.02705176704864185,
      0.02705176704864185,
      0.27051767048641845
    ],
    afterAlteration: [
      0.0248876256847505,
      0.24887625684750497,
      0.0248876256847505,
      0.0248876256847505,
      0.0248876256847505,
      0.24887625684750497
    ],
    stimulusName: 'undeterminedStimulus_',
    influence: 0.016661549042087446
  }
]
ending emotion received:  [
  0.0248876256847505,
  0.24887625684750497,
  0.0248876256847505,
  0.0248876256847505,
  0.0248876256847505,
  0.24887625684750497
]
new cycle:  13
starting emotion received:  [
  0.0248876256847505,
  0.24887625684750497,
  0.0248876256847505,
  0.0248876256847505,
  0.0248876256847505,
  0.24887625684750497
]
current stimuli influence received:  [
  {
    beforeAlteration: [
      0.0248876256847505,
      0.24887625684750497,
      0.0248876256847505,
      0.0248876256847505,
      0.0248876256847505,
      0.24887625684750497
    ],
    afterAlteration: [
      0.02289661562997046,
      0.22896615629970457,
      0.02289661562997046,
      0.02289661562997046,
      0.02289661562997046,
      0.22896615629970457
    ],
    stimulusName: 'undeterminedStimulus_',
    influence: 0.01632379282097131
  }
]
ending emotion received:  [
  0.02289661562997046,
  0.22896615629970457,
  0.02289661562997046,
  0.02289661562997046,
  0.02289661562997046,
  0.22896615629970457
]
new cycle:  14
starting emotion received:  [
  0.02289661562997046,
  0.22896615629970457,
  0.02289661562997046,
  0.02289661562997046,
  0.02289661562997046,
  0.22896615629970457
]
current stimuli influence received:  [
  {
    beforeAlteration: [
      0.02289661562997046,
      0.22896615629970457,
      0.02289661562997046,
      0.02289661562997046,
      0.02289661562997046,
      0.22896615629970457
    ],
    afterAlteration: [
      0.021064886379572823,
      0.2106488637957282,
      0.021064886379572823,
      0.021064886379572823,
      0.021064886379572823,
      0.2106488637957282
    ],
    stimulusName: 'undeterminedStimulus_',
    influence: 0.015017889395293606
  }
]
ending emotion received:  [
  0.021064886379572823,
  0.2106488637957282,
  0.021064886379572823,
  0.021064886379572823,
  0.021064886379572823,
  0.2106488637957282
]
new cycle:  15
disliked speaker conditioning for:  x2
perception change objects received:  [
  {
    stimulusName: 'x2',
    beforeAlteration: [ 0, 0, 0, 0, 0, 0 ],
    afterAlteration: [ 0.1, 1, 0.1, 0.1, 0.1, 1 ],
    influence: 0.7857135000000001
  }
]
starting emotion received:  [
  0.021064886379572823,
  0.2106488637957282,
  0.021064886379572823,
  0.021064886379572823,
  0.021064886379572823,
  0.2106488637957282
]
current stimuli influence received:  [
  {
    beforeAlteration: [
      0.021064886379572823,
      0.2106488637957282,
      0.021064886379572823,
      0.021064886379572823,
      0.021064886379572823,
      0.2106488637957282
    ],
    afterAlteration: [ 0.1, 1, 0.1, 0.1, 0.1, 1 ],
    stimulusName: 'x2',
    influence: 0.6202038439560351
  },
  {
    beforeAlteration: [ 0.1, 1, 0.1, 0.1, 0.1, 1 ],
    afterAlteration: [
      0.092,
      0.9199999999999999,
      0.092,
      0.092,
      0.092,
      0.9199999999999999
    ],
    stimulusName: 'undeterminedStimulus_',
    influence: 0.03862461200191156
  }
]
short term objects received:  [ { stimulusName: 'x2', influence: 0.6202038439560351 } ]
ending emotion received:  [ 0.092, 0.9199999999999999, 0.092, 0.092, 0.092, 0.9199999999999999 ]
new cycle:  16
starting emotion received:  [ 0.092, 0.9199999999999999, 0.092, 0.092, 0.092, 0.9199999999999999 ]
current stimuli influence received:  [
  {
    beforeAlteration: [
      0.092,
      0.9199999999999999,
      0.092,
      0.092,
      0.092,
      0.9199999999999999
    ],
    afterAlteration: [ 0.096, 0.96, 0.096, 0.096, 0.096, 0.96 ],
    stimulusName: 'x2',
    influence: 0.3258161919780176
  },
  {
    beforeAlteration: [ 0.096, 0.96, 0.096, 0.096, 0.096, 0.96 ],
    afterAlteration: [ 0.08832, 0.8832, 0.08832, 0.08832, 0.08832, 0.8832 ],
    stimulusName: 'undeterminedStimulus_',
    influence: 0.061599938400000026
  }
]
short term objects received:  [ { stimulusName: 'x2', influence: 0.3258161919780176 } ]
ending emotion received:  [ 0.08832, 0.8832, 0.08832, 0.08832, 0.08832, 0.8832 ]
new cycle:  17
Posture positive mood request is being sent.
posture response received:  { startingPose: '0', endingPose: '0' }
starting emotion received:  [ 0.08832, 0.8832, 0.08832, 0.08832, 0.08832, 0.8832 ]
current stimuli influence received:  [
  {
    beforeAlteration: [ 0.08832, 0.8832, 0.08832, 0.08832, 0.08832, 0.8832 ],
    afterAlteration: [
      0.09221333333333333,
      0.9221333333333334,
      0.09221333333333333,
      0.09221333333333333,
      0.09221333333333333,
      0.9221333333333334
    ],
    stimulusName: 'x2',
    influence: 0.03100949280000003
  },
  {
    beforeAlteration: [
      0.09221333333333333,
      0.9221333333333334,
      0.09221333333333333,
      0.09221333333333333,
      0.09221333333333333,
      0.9221333333333334
    ],
    afterAlteration: [
      0.08483626666666666,
      0.8483626666666667,
      0.08483626666666666,
      0.08483626666666666,
      0.08483626666666666,
      0.8483626666666667
    ],
    stimulusName: 'undeterminedStimulus_',
    influence: 0.05915270275199999
  }
]
ending emotion received:  [
  0.08483626666666666,
  0.8483626666666667,
  0.08483626666666666,
  0.08483626666666666,
  0.08483626666666666,
  0.8483626666666667
]
new cycle:  18
starting emotion received:  [
  0.08483626666666666,
  0.8483626666666667,
  0.08483626666666666,
  0.08483626666666666,
  0.08483626666666666,
  0.8483626666666667
]
current stimuli influence received:  [
  {
    beforeAlteration: [
      0.08483626666666666,
      0.8483626666666667,
      0.08483626666666666,
      0.08483626666666666,
      0.08483626666666666,
      0.8483626666666667
    ],
    afterAlteration: [
      0.08484343039999999,
      0.8484343040000001,
      0.08484343039999999,
      0.08484343039999999,
      0.08484343039999999,
      0.8484343040000001
    ],
    stimulusName: 'pose_stimulus_0',
    influence: 0.00005628641990403012
  },
  {
    beforeAlteration: [
      0.08484343039999999,
      0.8484343040000001,
      0.08484343039999999,
      0.08484343039999999,
      0.08484343039999999,
      0.8484343040000001
    ],
    afterAlteration: [
      0.07805595596799998,
      0.7805595596800001,
      0.07805595596799998,
      0.07805595596799998,
      0.07805595596799998,
      0.7805595596800001
    ],
    stimulusName: 'undeterminedStimulus_',
    influence: 0.05564635581263615
  }
]
ending emotion received:  [
  0.07805595596799998,
  0.7805595596800001,
  0.07805595596799998,
  0.07805595596799998,
  0.07805595596799998,
  0.7805595596800001
]
new cycle:  19
starting emotion received:  [
  0.07805595596799998,
  0.7805595596800001,
  0.07805595596799998,
  0.07805595596799998,
  0.07805595596799998,
  0.7805595596800001
]
current stimuli influence received:  [
  {
    beforeAlteration: [
      0.07805595596799998,
      0.7805595596800001,
      0.07805595596799998,
      0.07805595596799998,
      0.07805595596799998,
      0.7805595596800001
    ],
    afterAlteration: [
      0.07181147949055998,
      0.7181147949056002,
      0.07181147949055998,
      0.07181147949055998,
      0.07181147949055998,
      0.7181147949056002
    ],
    stimulusName: 'undeterminedStimulus_',
    influence: 0.05119689880442141
  }
]
ending emotion received:  [
  0.07181147949055998,
  0.7181147949056002,
  0.07181147949055998,
  0.07181147949055998,
  0.07181147949055998,
  0.7181147949056002
]
new cycle:  20
starting emotion received:  [
  0.07181147949055998,
  0.7181147949056002,
  0.07181147949055998,
  0.07181147949055998,
  0.07181147949055998,
  0.7181147949056002
]
current stimuli influence received:  [
  {
    beforeAlteration: [
      0.07181147949055998,
      0.7181147949056002,
      0.07181147949055998,
      0.07181147949055998,
      0.07181147949055998,
      0.7181147949056002
    ],
    afterAlteration: [
      0.06606656113131518,
      0.6606656113131522,
      0.06606656113131518,
      0.06606656113131518,
      0.06606656113131518,
      0.6606656113131522
    ],
    stimulusName: 'undeterminedStimulus_',
    influence: 0.047101146900067704
  }
]
ending emotion received:  [
  0.06606656113131518,
  0.6606656113131522,
  0.06606656113131518,
  0.06606656113131518,
  0.06606656113131518,
  0.6606656113131522
]
new cycle:  21
starting emotion received:  [
  0.06606656113131518,
  0.6606656113131522,
  0.06606656113131518,
  0.06606656113131518,
  0.06606656113131518,
  0.6606656113131522
]
current stimuli influence received:  [
  {
    beforeAlteration: [
      0.06606656113131518,
      0.6606656113131522,
      0.06606656113131518,
      0.06606656113131518,
      0.06606656113131518,
      0.6606656113131522
    ],
    afterAlteration: [
      0.060781236240809965,
      0.6078123624081,
      0.060781236240809965,
      0.060781236240809965,
      0.060781236240809965,
      0.6078123624081
    ],
    stimulusName: 'undeterminedStimulus_',
    influence: 0.043333055148062294
  }
]
ending emotion received:  [
  0.060781236240809965,
  0.6078123624081,
  0.060781236240809965,
  0.060781236240809965,
  0.060781236240809965,
  0.6078123624081
]
new cycle:  22
Deciding for the disliked speaker in the positive mood.
decision made:  {
  action: 'chooseOption_',
  options: [ 'x1' ],
  choice: 'option_not_selected'
}
prohibited objects received:  false
starting emotion received:  [
  0.060781236240809965,
  0.6078123624081,
  0.060781236240809965,
  0.060781236240809965,
  0.060781236240809965,
  0.6078123624081
]
current stimuli influence received:  [
  {
    beforeAlteration: [
      0.060781236240809965,
      0.6078123624081,
      0.060781236240809965,
      0.060781236240809965,
      0.060781236240809965,
      0.6078123624081
    ],
    afterAlteration: [
      0.05591873734154516,
      0.559187373415452,
      0.05591873734154516,
      0.05591873734154516,
      0.05591873734154516,
      0.559187373415452
    ],
    stimulusName: 'undeterminedStimulus_',
    influence: 0.03986641073621733
  }
]
ending emotion received:  [
  0.05591873734154516,
  0.559187373415452,
  0.05591873734154516,
  0.05591873734154516,
  0.05591873734154516,
  0.559187373415452
]
new cycle:  23
starting emotion received:  [
  0.05591873734154516,
  0.559187373415452,
  0.05591873734154516,
  0.05591873734154516,
  0.05591873734154516,
  0.559187373415452
]
current stimuli influence received:  [
  {
    beforeAlteration: [
      0.05591873734154516,
      0.559187373415452,
      0.05591873734154516,
      0.05591873734154516,
      0.05591873734154516,
      0.559187373415452
    ],
    afterAlteration: [
      0.05144523835422155,
      0.5144523835422158,
      0.05144523835422155,
      0.05144523835422155,
      0.05144523835422155,
      0.5144523835422158
    ],
    stimulusName: 'undeterminedStimulus_',
    influence: 0.03667709787731996
  }
]
ending emotion received:  [
  0.05144523835422155,
  0.5144523835422158,
  0.05144523835422155,
  0.05144523835422155,
  0.05144523835422155,
  0.5144523835422158
]
new cycle:  24
starting emotion received:  [
  0.05144523835422155,
  0.5144523835422158,
  0.05144523835422155,
  0.05144523835422155,
  0.05144523835422155,
  0.5144523835422158
]
current stimuli influence received:  [
  {
    beforeAlteration: [
      0.05144523835422155,
      0.5144523835422158,
      0.05144523835422155,
      0.05144523835422155,
      0.05144523835422155,
      0.5144523835422158
    ],
    afterAlteration: [
      0.04732961928588383,
      0.4732961928588385,
      0.04732961928588383,
      0.04732961928588383,
      0.04732961928588383,
      0.4732961928588385
    ],
    stimulusName: 'undeterminedStimulus_',
    influence: 0.03374293004713437
  }
]
ending emotion received:  [
  0.04732961928588383,
  0.4732961928588385,
  0.04732961928588383,
  0.04732961928588383,
  0.04732961928588383,
  0.4732961928588385
]
new cycle:  25
Deciding for the liked speaker in the positive mood.
decision made:  {
  action: 'chooseOption_',
  options: [ 'x2' ],
  choice: 'option_not_selected'
}
prohibited objects received:  false
starting emotion received:  [
  0.04732961928588383,
  0.4732961928588385,
  0.04732961928588383,
  0.04732961928588383,
  0.04732961928588383,
  0.4732961928588385
]
current stimuli influence received:  [
  {
    beforeAlteration: [
      0.04732961928588383,
      0.4732961928588385,
      0.04732961928588383,
      0.04732961928588383,
      0.04732961928588383,
      0.4732961928588385
    ],
    afterAlteration: [
      0.04354324974301312,
      0.4354324974301314,
      0.04354324974301312,
      0.04354324974301312,
      0.04354324974301312,
      0.4354324974301314
    ],
    stimulusName: 'undeterminedStimulus_',
    influence: 0.03104349564336361
  }
]
ending emotion received:  [
  0.04354324974301312,
  0.4354324974301314,
  0.04354324974301312,
  0.04354324974301312,
  0.04354324974301312,
  0.4354324974301314
]
new cycle:  26
starting emotion received:  [
  0.04354324974301312,
  0.4354324974301314,
  0.04354324974301312,
  0.04354324974301312,
  0.04354324974301312,
  0.4354324974301314
]
current stimuli influence received:  [
  {
    beforeAlteration: [
      0.04354324974301312,
      0.4354324974301314,
      0.04354324974301312,
      0.04354324974301312,
      0.04354324974301312,
      0.4354324974301314
    ],
    afterAlteration: [
      0.04005978976357207,
      0.4005978976357209,
      0.04005978976357207,
      0.04005978976357207,
      0.04005978976357207,
      0.4005978976357209
    ],
    stimulusName: 'undeterminedStimulus_',
    influence: 0.02856001599189451
  }
]
ending emotion received:  [
  0.04005978976357207,
  0.4005978976357209,
  0.04005978976357207,
  0.04005978976357207,
  0.04005978976357207,
  0.4005978976357209
]
new cycle:  27
starting emotion received:  [
  0.04005978976357207,
  0.4005978976357209,
  0.04005978976357207,
  0.04005978976357207,
  0.04005978976357207,
  0.4005978976357209
]
current stimuli influence received:  [
  {
    beforeAlteration: [
      0.04005978976357207,
      0.4005978976357209,
      0.04005978976357207,
      0.04005978976357207,
      0.04005978976357207,
      0.4005978976357209
    ],
    afterAlteration: [
      0.036855006582486305,
      0.3685500658248632,
      0.036855006582486305,
      0.036855006582486305,
      0.036855006582486305,
      0.3685500658248632
    ],
    stimulusName: 'undeterminedStimulus_',
    influence: 0.026275214712542946
  }
]
ending emotion received:  [
  0.036855006582486305,
  0.3685500658248632,
  0.036855006582486305,
  0.036855006582486305,
  0.036855006582486305,
  0.3685500658248632
]
new cycle:  28
starting emotion received:  [
  0.036855006582486305,
  0.3685500658248632,
  0.036855006582486305,
  0.036855006582486305,
  0.036855006582486305,
  0.3685500658248632
]
current stimuli influence received:  [
  {
    beforeAlteration: [
      0.036855006582486305,
      0.3685500658248632,
      0.036855006582486305,
      0.036855006582486305,
      0.036855006582486305,
      0.3685500658248632
    ],
    afterAlteration: [
      0.0339066060558874,
      0.33906606055887417,
      0.0339066060558874,
      0.0339066060558874,
      0.0339066060558874,
      0.33906606055887417
    ],
    stimulusName: 'undeterminedStimulus_',
    influence: 0.02417319753553951
  }
]
ending emotion received:  [
  0.0339066060558874,
  0.33906606055887417,
  0.0339066060558874,
  0.0339066060558874,
  0.0339066060558874,
  0.33906606055887417
]
new cycle:  29
starting emotion received:  [
  0.0339066060558874,
  0.33906606055887417,
  0.0339066060558874,
  0.0339066060558874,
  0.0339066060558874,
  0.33906606055887417
]
current stimuli influence received:  [
  {
    beforeAlteration: [
      0.0339066060558874,
      0.33906606055887417,
      0.0339066060558874,
      0.0339066060558874,
      0.0339066060558874,
      0.33906606055887417
    ],
    afterAlteration: [
      0.031194077571416404,
      0.31194077571416423,
      0.031194077571416404,
      0.031194077571416404,
      0.031194077571416404,
      0.31194077571416423
    ],
    stimulusName: 'undeterminedStimulus_',
    influence: 0.022239341732696344
  }
]
ending emotion received:  [
  0.031194077571416404,
  0.31194077571416423,
  0.031194077571416404,
  0.031194077571416404,
  0.031194077571416404,
  0.31194077571416423
]
new cycle:  30
Disliked speaker neutral stimulus conditioning done for:  z1
perception change objects received:  [
  {
    stimulusName: 'z1',
    beforeAlteration: [ 0, 0, 0, 0, 0, 0 ],
    afterAlteration: [
      0.16800000000000004,
      0.16800000000000004,
      0.16800000000000004,
      0.16800000000000004,
      0.16800000000000004,
      0.16800000000000004
    ],
    influence: 0.16799983200000007
  }
]
starting emotion received:  [
  0.031194077571416404,
  0.31194077571416423,
  0.031194077571416404,
  0.031194077571416404,
  0.031194077571416404,
  0.31194077571416423
]
current stimuli influence received:  [
  {
    beforeAlteration: [
      0.031194077571416404,
      0.31194077571416423,
      0.031194077571416404,
      0.031194077571416404,
      0.031194077571416404,
      0.31194077571416423
    ],
    afterAlteration: [
      0.10293510329296565,
      0.23645823292965654,
      0.10293510329296565,
      0.10293510329296565,
      0.10293510329296565,
      0.23645823292965654
    ],
    stimulusName: 'z1',
    influence: 0.07459163079685982
  },
  {
    beforeAlteration: [
      0.10293510329296565,
      0.23645823292965654,
      0.10293510329296565,
      0.10293510329296565,
      0.10293510329296565,
      0.23645823292965654
    ],
    afterAlteration: [
      0.0947002950295284,
      0.217541574295284,
      0.0947002950295284,
      0.0947002950295284,
      0.0947002950295284,
      0.217541574295284
    ],
    stimulusName: 'undeterminedStimulus_',
    influence: 0.018843023523740034
  }
]
ending emotion received:  [
  0.0947002950295284,
  0.217541574295284,
  0.0947002950295284,
  0.0947002950295284,
  0.0947002950295284,
  0.217541574295284
]
new cycle:  31
starting emotion received:  [
  0.0947002950295284,
  0.217541574295284,
  0.0947002950295284,
  0.0947002950295284,
  0.0947002950295284,
  0.217541574295284
]
current stimuli influence received:  [
  {
    beforeAlteration: [
      0.0947002950295284,
      0.217541574295284,
      0.0947002950295284,
      0.0947002950295284,
      0.0947002950295284,
      0.217541574295284
    ],
    afterAlteration: [
      0.08712427142716613,
      0.20013824835166127,
      0.08712427142716613,
      0.08712427142716613,
      0.08712427142716613,
      0.20013824835166127
    ],
    stimulusName: 'undeterminedStimulus_',
    influence: 0.015718410771500223
  }
]
ending emotion received:  [
  0.08712427142716613,
  0.20013824835166127,
  0.08712427142716613,
  0.08712427142716613,
  0.08712427142716613,
  0.20013824835166127
]
new cycle:  32
starting emotion received:  [
  0.08712427142716613,
  0.20013824835166127,
  0.08712427142716613,
  0.08712427142716613,
  0.08712427142716613,
  0.20013824835166127
]
current stimuli influence received:  [
  {
    beforeAlteration: [
      0.08712427142716613,
      0.20013824835166127,
      0.08712427142716613,
      0.08712427142716613,
      0.08712427142716613,
      0.20013824835166127
    ],
    afterAlteration: [
      0.08015432971299283,
      0.18412718848352838,
      0.08015432971299283,
      0.08015432971299283,
      0.08015432971299283,
      0.18412718848352838
    ],
    stimulusName: 'undeterminedStimulus_',
    influence: 0.0144609379097802
  }
]
ending emotion received:  [
  0.08015432971299283,
  0.18412718848352838,
  0.08015432971299283,
  0.08015432971299283,
  0.08015432971299283,
  0.18412718848352838
]
new cycle:  33
starting emotion received:  [
  0.08015432971299283,
  0.18412718848352838,
  0.08015432971299283,
  0.08015432971299283,
  0.08015432971299283,
  0.18412718848352838
]
current stimuli influence received:  [
  {
    beforeAlteration: [
      0.08015432971299283,
      0.18412718848352838,
      0.08015432971299283,
      0.08015432971299283,
      0.08015432971299283,
      0.18412718848352838
    ],
    afterAlteration: [
      0.0737419833359534,
      0.16939701340484611,
      0.0737419833359534,
      0.0737419833359534,
      0.0737419833359534,
      0.16939701340484611
    ],
    stimulusName: 'undeterminedStimulus_',
    influence: 0.013304062876997777
  }
]
ending emotion received:  [
  0.0737419833359534,
  0.16939701340484611,
  0.0737419833359534,
  0.0737419833359534,
  0.0737419833359534,
  0.16939701340484611
]
new cycle:  34
starting emotion received:  [
  0.0737419833359534,
  0.16939701340484611,
  0.0737419833359534,
  0.0737419833359534,
  0.0737419833359534,
  0.16939701340484611
]
current stimuli influence received:  [
  {
    beforeAlteration: [
      0.0737419833359534,
      0.16939701340484611,
      0.0737419833359534,
      0.0737419833359534,
      0.0737419833359534,
      0.16939701340484611
    ],
    afterAlteration: [
      0.06784262466907713,
      0.1558452523324584,
      0.06784262466907713,
      0.06784262466907713,
      0.06784262466907713,
      0.1558452523324584
    ],
    stimulusName: 'undeterminedStimulus_',
    influence: 0.012239737846837961
  }
]
ending emotion received:  [
  0.06784262466907713,
  0.1558452523324584,
  0.06784262466907713,
  0.06784262466907713,
  0.06784262466907713,
  0.1558452523324584
]
new cycle:  35
Liked speaker neutral stimulus conditioning done for:  z2
starting emotion received:  [
  0.06784262466907713,
  0.1558452523324584,
  0.06784262466907713,
  0.06784262466907713,
  0.06784262466907713,
  0.1558452523324584
]
current stimuli influence received:  [
  {
    beforeAlteration: [
      0.06784262466907713,
      0.1558452523324584,
      0.06784262466907713,
      0.06784262466907713,
      0.06784262466907713,
      0.1558452523324584
    ],
    afterAlteration: [
      0.06241521469555096,
      0.14337763214586174,
      0.06241521469555096,
      0.06241521469555096,
      0.06241521469555096,
      0.14337763214586174
    ],
    stimulusName: 'undeterminedStimulus_',
    influence: 0.011260558819090924
  }
]
ending emotion received:  [
  0.06241521469555096,
  0.14337763214586174,
  0.06241521469555096,
  0.06241521469555096,
  0.06241521469555096,
  0.14337763214586174
]
new cycle:  36
perception change objects received:  [
  {
    stimulusName: 'z2',
    beforeAlteration: [ 0, 0, 0, 0, 0, 0 ],
    afterAlteration: [ 0.4, 0.4, 0.4, 0.4, 0.4, 0.4 ],
    influence: 0.39999960000000007
  }
]
starting emotion received:  [
  0.06241521469555096,
  0.14337763214586174,
  0.06241521469555096,
  0.06241521469555096,
  0.06241521469555096,
  0.14337763214586174
]
current stimuli influence received:  [
  {
    beforeAlteration: [
      0.06241521469555096,
      0.14337763214586174,
      0.06241521469555096,
      0.06241521469555096,
      0.06241521469555096,
      0.14337763214586174
    ],
    afterAlteration: [ 0.4, 0.4, 0.4, 0.4, 0.4, 0.4 ],
    stimulusName: 'z2',
    influence: 0.3337290983630975
  },
  {
    beforeAlteration: [ 0.4, 0.4, 0.4, 0.4, 0.4, 0.4 ],
    afterAlteration: [ 0.368, 0.368, 0.368, 0.368, 0.368, 0.368 ],
    stimulusName: 'undeterminedStimulus_',
    influence: 0.021395668434147745
  }
]
short term objects received:  [ { stimulusName: 'z2', influence: 0.3337290983630975 } ]
ending emotion received:  [ 0.368, 0.368, 0.368, 0.368, 0.368, 0.368 ]
new cycle:  37
Neutral mood posture request is being sent.
Neutral mood decision making for disliked speaker
decision made:  { action: 'chooseOption_', options: [ 'x1', 'z1' ], choice: 'x1' }
prohibited objects received:  true
posture response received:  { startingPose: '1', endingPose: '1' }
starting emotion received:  [ 0.368, 0.368, 0.368, 0.368, 0.368, 0.368 ]
current stimuli influence received:  [
  {
    beforeAlteration: [ 0.368, 0.368, 0.368, 0.368, 0.368, 0.368 ],
    afterAlteration: [ 0.384, 0.384, 0.384, 0.384, 0.384, 0.384 ],
    stimulusName: 'z2',
    influence: 0.17486454118154876
  },
  {
    beforeAlteration: [ 0.384, 0.384, 0.384, 0.384, 0.384, 0.384 ],
    afterAlteration: [ 0.35328, 0.35328, 0.35328, 0.35328, 0.35328, 0.35328 ],
    stimulusName: 'undeterminedStimulus_',
    influence: 0.03135996864000003
  }
]
short term objects received:  [ { stimulusName: 'z2', influence: 0.17486454118154876 } ]
ending emotion received:  [ 0.35328, 0.35328, 0.35328, 0.35328, 0.35328, 0.35328 ]
new cycle:  38
starting emotion received:  [ 0.35328, 0.35328, 0.35328, 0.35328, 0.35328, 0.35328 ]
current stimuli influence received:  [
  {
    beforeAlteration: [ 0.35328, 0.35328, 0.35328, 0.35328, 0.35328, 0.35328 ],
    afterAlteration: [
      0.21725064,
      0.38243664,
      0.21725064,
      0.21725064,
      0.21725064,
      0.38243664
    ],
    stimulusName: 'x1_anticipated_stimulus_',
    influence: 0.13094005191696
  },
  {
    beforeAlteration: [
      0.21725064,
      0.38243664,
      0.21725064,
      0.21725064,
      0.21725064,
      0.38243664
    ],
    afterAlteration: [
      0.21740138936,
      0.38242220336,
      0.21740138936,
      0.21740138936,
      0.21740138936,
      0.38242220336
    ],
    stimulusName: 'pose_stimulus_1',
    influence: 0.00014425813383696744
  },
  {
    beforeAlteration: [
      0.21740138936,
      0.38242220336,
      0.21740138936,
      0.21740138936,
      0.21740138936,
      0.38242220336
    ],
    afterAlteration: [
      0.2782675929066667,
      0.38828146890666665,
      0.2782675929066667,
      0.2782675929066667,
      0.2782675929066667,
      0.38828146890666665
    ],
    stimulusName: 'z2',
    influence: 0.037123375649920576
  },
  {
    beforeAlteration: [
      0.2782675929066667,
      0.38828146890666665,
      0.2782675929066667,
      0.2782675929066667,
      0.2782675929066667,
      0.38828146890666665
    ],
    afterAlteration: [
      0.25600618547413334,
      0.3572189513941333,
      0.25600618547413334,
      0.25600618547413334,
      0.25600618547413334,
      0.3572189513941333
    ],
    stimulusName: 'undeterminedStimulus_',
    influence: 0.02984347771275914
  }
]
short term objects received:  [
  {
    stimulusName: 'pose_stimulus_1',
    influence: 0.00014425813383696744
  }
]
ending emotion received:  [
  0.25600618547413334,
  0.3572189513941333,
  0.25600618547413334,
  0.25600618547413334,
  0.25600618547413334,
  0.3572189513941333
]
new cycle:  39
starting emotion received:  [
  0.25600618547413334,
  0.3572189513941333,
  0.25600618547413334,
  0.25600618547413334,
  0.25600618547413334,
  0.3572189513941333
]
current stimuli influence received:  [
  {
    beforeAlteration: [
      0.25600618547413334,
      0.3572189513941333,
      0.25600618547413334,
      0.25600618547413334,
      0.25600618547413334,
      0.3572189513941333
    ],
    afterAlteration: [
      0.2560621823813963,
      0.3572243419184362,
      0.2560621823813963,
      0.2560621823813963,
      0.2560621823813963,
      0.3572243419184362
    ],
    stimulusName: 'pose_stimulus_1',
    influence: 0.00009892257987641086
  },
  {
    beforeAlteration: [
      0.2560621823813963,
      0.3572243419184362,
      0.2560621823813963,
      0.2560621823813963,
      0.2560621823813963,
      0.3572243419184362
    ],
    afterAlteration: [
      0.23557720779088456,
      0.3286463945649613,
      0.23557720779088456,
      0.23557720779088456,
      0.23557720779088456,
      0.3286463945649613
    ],
    stimulusName: 'undeterminedStimulus_',
    influence: 0.027809004285524044
  }
]
ending emotion received:  [
  0.23557720779088456,
  0.3286463945649613,
  0.23557720779088456,
  0.23557720779088456,
  0.23557720779088456,
  0.3286463945649613
]
new cycle:  40
Neutral mood decision making for the liked speaker
decision made:  { action: 'chooseOption_', options: [ 'x2', 'z2' ], choice: 'x2' }
prohibited objects received:  true
starting emotion received:  [
  0.23557720779088456,
  0.3286463945649613,
  0.23557720779088456,
  0.23557720779088456,
  0.23557720779088456,
  0.3286463945649613
]
current stimuli influence received:  [
  {
    beforeAlteration: [
      0.23557720779088456,
      0.3286463945649613,
      0.23557720779088456,
      0.23557720779088456,
      0.23557720779088456,
      0.3286463945649613
    ],
    afterAlteration: [
      0.2167310311676138,
      0.3023546829997644,
      0.2167310311676138,
      0.2167310311676138,
      0.2167310311676138,
      0.3023546829997644
    ],
    stimulusName: 'undeterminedStimulus_',
    influence: 0.02558498152850863
  },
  {
    beforeAlteration: [
      0.2167310311676138,
      0.3023546829997644,
      0.2167310311676138,
      0.2167310311676138,
      0.2167310311676138,
      0.3023546829997644
    ],
    afterAlteration: [
      0.859982709314096,
      0.081529055336096,
      0.2167310311676138,
      0.2167310311676138,
      0.2167310311676138,
      0.3023546829997644
    ],
    stimulusName: 'x1_guilt_stimulus_',
    influence: 0.48189563007770614
  }
]
short term objects received:  [
  {
    stimulusName: 'x1_guilt_stimulus_',
    influence: 0.48189563007770614
  }
]
ending emotion received:  [
  0.859982709314096,
  0.081529055336096,
  0.2167310311676138,
  0.2167310311676138,
  0.2167310311676138,
  0.3023546829997644
]
new cycle:  41
starting emotion received:  [
  0.859982709314096,
  0.081529055336096,
  0.2167310311676138,
  0.2167310311676138,
  0.2167310311676138,
  0.3023546829997644
]
current stimuli influence received:  [
  {
    beforeAlteration: [
      0.859982709314096,
      0.081529055336096,
      0.2167310311676138,
      0.2167310311676138,
      0.2167310311676138,
      0.3023546829997644
    ],
    afterAlteration: [
      0.479991354657048,
      0.540764527668048,
      0.1583655155838069,
      0.1583655155838069,
      0.1583655155838069,
      0.6511773414998823
    ],
    stimulusName: 'x2_anticipated_stimulus_',
    influence: 0.3805478205029549
  },
  {
    beforeAlteration: [
      0.479991354657048,
      0.540764527668048,
      0.1583655155838069,
      0.1583655155838069,
      0.1583655155838069,
      0.6511773414998823
    ],
    afterAlteration: [
      0.4415920462844842,
      0.4975033654546041,
      0.14569627433710236,
      0.14569627433710236,
      0.14569627433710236,
      0.5990831541798917
    ],
    stimulusName: 'undeterminedStimulus_',
    influence: 0.03412509722281115
  }
]
short term objects received:  [
  {
    stimulusName: 'x2_anticipated_stimulus_',
    influence: 0.3805478205029549
  },
  {
    stimulusName: 'x1_guilt_stimulus_',
    influence: 0.48189563007770614
  }
]
ending emotion received:  [
  0.4415920462844842,
  0.4975033654546041,
  0.14569627433710236,
  0.14569627433710236,
  0.14569627433710236,
  0.5990831541798917
]
new cycle:  42
starting emotion received:  [
  0.4415920462844842,
  0.4975033654546041,
  0.14569627433710236,
  0.14569627433710236,
  0.14569627433710236,
  0.5990831541798917
]
current stimuli influence received:  [
  {
    beforeAlteration: [
      0.4415920462844842,
      0.4975033654546041,
      0.14569627433710236,
      0.14569627433710236,
      0.14569627433710236,
      0.5990831541798917
    ],
    afterAlteration: [
      0.35619403471336314,
      0.6231275240909531,
      0.13427220575282678,
      0.13427220575282678,
      0.13427220575282678,
      0.6993123656349187
    ],
    stimulusName: 'x2_anticipated_stimulus_',
    influence: 0.2409626931523462
  },
  {
    beforeAlteration: [
      0.35619403471336314,
      0.6231275240909531,
      0.13427220575282678,
      0.13427220575282678,
      0.13427220575282678,
      0.6993123656349187
    ],
    afterAlteration: [
      0.32769851193629407,
      0.5732773221636768,
      0.12353042929260064,
      0.12353042929260064,
      0.12353042929260064,
      0.6433673763841252
    ],
    stimulusName: 'undeterminedStimulus_',
    influence: 0.04481004447294398
  }
]
short term objects received:  [
  {
    stimulusName: 'x2_anticipated_stimulus_',
    influence: 0.2409626931523462
  },
  {
    stimulusName: 'x1_guilt_stimulus_',
    influence: 0.48189563007770614
  }
]
ending emotion received:  [
  0.32769851193629407,
  0.5732773221636768,
  0.12353042929260064,
  0.12353042929260064,
  0.12353042929260064,
  0.6433673763841252
]
new cycle:  43
starting emotion received:  [
  0.32769851193629407,
  0.5732773221636768,
  0.12353042929260064,
  0.12353042929260064,
  0.12353042929260064,
  0.6433673763841252
]
current stimuli influence received:  [
  {
    beforeAlteration: [
      0.32769851193629407,
      0.5732773221636768,
      0.12353042929260064,
      0.12353042929260064,
      0.12353042929260064,
      0.6433673763841252
    ],
    afterAlteration: [
      0.28974875994691174,
      0.6443977684697306,
      0.11960869107716719,
      0.11960869107716719,
      0.11960869107716719,
      0.702806146986771
    ],
    stimulusName: 'x2_anticipated_stimulus_',
    influence: 0.0789262530352684
  },
  {
    beforeAlteration: [
      0.28974875994691174,
      0.6443977684697306,
      0.11960869107716719,
      0.11960869107716719,
      0.11960869107716719,
      0.702806146986771
    ],
    afterAlteration: [
      0.2665688591511588,
      0.5928459469921522,
      0.11003999579099381,
      0.11003999579099381,
      0.11003999579099381,
      0.6465816552278293
    ],
    stimulusName: 'undeterminedStimulus_',
    influence: 0.04577322769971523
  },
  {
    beforeAlteration: [
      0.2665688591511588,
      0.5928459469921522,
      0.11003999579099381,
      0.11003999579099381,
      0.11003999579099381,
      0.6465816552278293
    ],
    afterAlteration: [
      0.5632757842326275,
      0.3371875011641241,
      0.1633855134793038,
      0.1633855134793038,
      0.1633855134793038,
      0.47446816911379686
    ],
    stimulusName: 'x1_guilt_stimulus_',
    influence: 0.3626578778412549
  }
]
short term objects received:  [
  {
    stimulusName: 'x2_anticipated_stimulus_',
    influence: 0.0789262530352684
  }
]
ending emotion received:  [
  0.5632757842326275,
  0.3371875011641241,
  0.1633855134793038,
  0.1633855134793038,
  0.1633855134793038,
  0.47446816911379686
]
new cycle:  44
starting emotion received:  [
  0.5632757842326275,
  0.3371875011641241,
  0.1633855134793038,
  0.1633855134793038,
  0.1633855134793038,
  0.47446816911379686
]
current stimuli influence received:  [
  {
    beforeAlteration: [
      0.5632757842326275,
      0.3371875011641241,
      0.1633855134793038,
      0.1633855134793038,
      0.1633855134793038,
      0.47446816911379686
    ],
    afterAlteration: [
      0.505366311203549,
      0.4200390635186086,
      0.15546232429439083,
      0.15546232429439083,
      0.15546232429439083,
      0.5401596479745723
    ],
    stimulusName: 'x2_anticipated_stimulus_',
    influence: 0.061737847472424744
  },
  {
    beforeAlteration: [
      0.505366311203549,
      0.4200390635186086,
      0.15546232429439083,
      0.15546232429439083,
      0.15546232429439083,
      0.5401596479745723
    ],
    afterAlteration: [
      0.4649370063072651,
      0.3864359384371199,
      0.14302533835083955,
      0.14302533835083955,
      0.14302533835083955,
      0.4969468761366065
    ],
    stimulusName: 'undeterminedStimulus_',
    influence: 0.04176181881519375
  },
  {
    beforeAlteration: [
      0.4649370063072651,
      0.3864359384371199,
      0.14302533835083955,
      0.14302533835083955,
      0.14302533835083955,
      0.4969468761366065
    ],
    afterAlteration: [
      0.596618907309542,
      0.2848003107367786,
      0.16759390262309765,
      0.16759390262309765,
      0.16759390262309765,
      0.43208281175765917
    ],
    stimulusName: 'x1_guilt_stimulus_',
    influence: 0.17354241843202378
  }
]
ending emotion received:  [
  0.596618907309542,
  0.2848003107367786,
  0.16759390262309765,
  0.16759390262309765,
  0.16759390262309765,
  0.43208281175765917
]
new cycle:  45
starting emotion received:  [
  0.596618907309542,
  0.2848003107367786,
  0.16759390262309765,
  0.16759390262309765,
  0.16759390262309765,
  0.43208281175765917
]
current stimuli influence received:  [
  {
    beforeAlteration: [
      0.596618907309542,
      0.2848003107367786,
      0.16759390262309765,
      0.16759390262309765,
      0.16759390262309765,
      0.43208281175765917
    ],
    afterAlteration: [
      0.5488893947247787,
      0.2620162858778363,
      0.15418639041324983,
      0.15418639041324983,
      0.15418639041324983,
      0.3975161868170464
    ],
    stimulusName: 'undeterminedStimulus_',
    influence: 0.03763565018585917
  },
  {
    beforeAlteration: [
      0.5488893947247787,
      0.2620162858778363,
      0.15418639041324983,
      0.15418639041324983,
      0.15418639041324983,
      0.3975161868170464
    ],
    afterAlteration: [
      0.999993182036674,
      0.0000029312300577899464,
      0.15418639041324983,
      0.15418639041324983,
      0.15418639041324983,
      0.3975161868170464
    ],
    stimulusName: 'x2_guilt_stimulus_',
    influence: 0.37887457782387113
  },
  {
    beforeAlteration: [
      0.999993182036674,
      0.0000029312300577899464,
      0.15418639041324983,
      0.15418639041324983,
      0.15418639041324983,
      0.3975161868170464
    ],
    afterAlteration: [
      0.9649905638560294,
      0.020384462256567343,
      0.16982255060184082,
      0.16982255060184082,
      0.16982255060184082,
      0.37372581086272594
    ],
    stimulusName: 'x1_guilt_stimulus_',
    influence: 0.06590563652919976
  }
]
short term objects received:  [
  {
    stimulusName: 'x2_guilt_stimulus_',
    influence: 0.37887457782387113
  }
]
ending emotion received:  [
  0.9649905638560294,
  0.020384462256567343,
  0.16982255060184082,
  0.16982255060184082,
  0.16982255060184082,
  0.37372581086272594
]
new cycle:  46
starting emotion received:  [
  0.9649905638560294,
  0.020384462256567343,
  0.16982255060184082,
  0.16982255060184082,
  0.16982255060184082,
  0.37372581086272594
]
current stimuli influence received:  [
  {
    beforeAlteration: [
      0.9649905638560294,
      0.020384462256567343,
      0.16982255060184082,
      0.16982255060184082,
      0.16982255060184082,
      0.37372581086272594
    ],
    afterAlteration: [
      0.887791318747547,
      0.018753705276041956,
      0.15623674655369355,
      0.15623674655369355,
      0.15623674655369355,
      0.34382774599370786
    ],
    stimulusName: 'undeterminedStimulus_',
    influence: 0.043627830031912194
  }
]
short term objects received:  [
  {
    stimulusName: 'x2_guilt_stimulus_',
    influence: 0.37887457782387113
  }
]
ending emotion received:  [
  0.887791318747547,
  0.018753705276041956,
  0.15623674655369355,
  0.15623674655369355,
  0.15623674655369355,
  0.34382774599370786
]
new cycle:  47
starting emotion received:  [
  0.887791318747547,
  0.018753705276041956,
  0.15623674655369355,
  0.15623674655369355,
  0.15623674655369355,
  0.34382774599370786
]
current stimuli influence received:  [
  {
    beforeAlteration: [
      0.887791318747547,
      0.018753705276041956,
      0.15623674655369355,
      0.15623674655369355,
      0.15623674655369355,
      0.34382774599370786
    ],
    afterAlteration: [
      0.8167680132477433,
      0.0172534088539586,
      0.14373780682939807,
      0.14373780682939807,
      0.14373780682939807,
      0.31632152631421123
    ],
    stimulusName: 'undeterminedStimulus_',
    influence: 0.04785636197262351
  }
]
short term objects received:  [
  {
    stimulusName: 'x2_guilt_stimulus_',
    influence: 0.37887457782387113
  }
]
ending emotion received:  [
  0.8167680132477433,
  0.0172534088539586,
  0.14373780682939807,
  0.14373780682939807,
  0.14373780682939807,
  0.31632152631421123
]
new cycle:  48
starting emotion received:  [
  0.8167680132477433,
  0.0172534088539586,
  0.14373780682939807,
  0.14373780682939807,
  0.14373780682939807,
  0.31632152631421123
]
current stimuli influence received:  [
  {
    beforeAlteration: [
      0.8167680132477433,
      0.0172534088539586,
      0.14373780682939807,
      0.14373780682939807,
      0.14373780682939807,
      0.31632152631421123
    ],
    afterAlteration: [
      0.7514265721879239,
      0.01587313614564191,
      0.13223878228304622,
      0.13223878228304622,
      0.13223878228304622,
      0.29101580420907436
    ],
    stimulusName: 'undeterminedStimulus_',
    influence: 0.044027853014813594
  }
]
short term objects received:  [
  {
    stimulusName: 'x2_guilt_stimulus_',
    influence: 0.37887457782387113
  }
]
ending emotion received:  [
  0.7514265721879239,
  0.01587313614564191,
  0.13223878228304622,
  0.13223878228304622,
  0.13223878228304622,
  0.29101580420907436
]
new cycle:  49
starting emotion received:  [
  0.7514265721879239,
  0.01587313614564191,
  0.13223878228304622,
  0.13223878228304622,
  0.13223878228304622,
  0.29101580420907436
]
current stimuli influence received:  [
  {
    beforeAlteration: [
      0.7514265721879239,
      0.01587313614564191,
      0.13223878228304622,
      0.13223878228304622,
      0.13223878228304622,
      0.29101580420907436
    ],
    afterAlteration: [
      0.6913124464128899,
      0.014603285253990558,
      0.12165967970040252,
      0.12165967970040252,
      0.12165967970040252,
      0.2677345398723484
    ],
    stimulusName: 'undeterminedStimulus_',
    influence: 0.040505624773628526
  },
  {
    beforeAlteration: [
      0.6913124464128899,
      0.014603285253990558,
      0.12165967970040252,
      0.12165967970040252,
      0.12165967970040252,
      0.2677345398723484
    ],
    afterAlteration: [
      0.8456528142247819,
      0.007303108242024174,
      0.13792303505682618,
      0.13792303505682618,
      0.13792303505682618,
      0.3326253633446974
    ],
    stimulusName: 'x2_guilt_stimulus_',
    influence: 0.238739875304062
  },
  {
    beforeAlteration: [
      0.8456528142247819,
      0.007303108242024174,
      0.13792303505682618,
      0.13792303505682618,
      0.13792303505682618,
      0.3326253633446974
    ],
    afterAlteration: [
      0.8970996034954126,
      0.004869715904702046,
      0.1433441535089674,
      0.1433441535089674,
      0.1433441535089674,
      0.3542556378354804
    ],
    stimulusName: 'x2_guilt_stimulus_',
    influence: 0.06573678185616857
  }
]
ending emotion received:  [
  0.8970996034954126,
  0.004869715904702046,
  0.1433441535089674,
  0.1433441535089674,
  0.1433441535089674,
  0.3542556378354804
]
new cycle:  50
starting emotion received:  [
  0.8970996034954126,
  0.004869715904702046,
  0.1433441535089674,
  0.1433441535089674,
  0.1433441535089674,
  0.3542556378354804
]
current stimuli influence received:  [
  {
    beforeAlteration: [
      0.8970996034954126,
      0.004869715904702046,
      0.1433441535089674,
      0.1433441535089674,
      0.1433441535089674,
      0.3542556378354804
    ],
    afterAlteration: [
      0.8253316352157796,
      0.0044801386323258825,
      0.13187662122825,
      0.13187662122825,
      0.13187662122825,
      0.32591518680864195
    ],
    stimulusName: 'undeterminedStimulus_',
    influence: 0.04251175726452926
  },
  {
    beforeAlteration: [
      0.8253316352157796,
      0.0044801386323258825,
      0.13187662122825,
      0.13187662122825,
      0.13187662122825,
      0.32591518680864195
    ],
    afterAlteration: [
      0.8689970219210031,
      0.0033608367817588593,
      0.13745406352449996,
      0.13745406352449996,
      0.13745406352449996,
      0.34381543681074306
    ],
    stimulusName: 'x2_guilt_stimulus_',
    influence: 0.03042545027117684
  }
]
ending emotion received:  [
  0.8689970219210031,
  0.0033608367817588593,
  0.13745406352449996,
  0.13745406352449996,
  0.13745406352449996,
  0.34381543681074306
]
new cycle:  51
starting emotion received:  [
  0.8689970219210031,
  0.0033608367817588593,
  0.13745406352449996,
  0.13745406352449996,
  0.13745406352449996,
  0.34381543681074306
]
current stimuli influence received:  [
  {
    beforeAlteration: [
      0.8689970219210031,
      0.0033608367817588593,
      0.13745406352449996,
      0.13745406352449996,
      0.13745406352449996,
      0.34381543681074306
    ],
    afterAlteration: [
      0.7994772601673229,
      0.0030919698392181507,
      0.12645773844253996,
      0.12645773844253996,
      0.12645773844253996,
      0.3163102018658836
    ],
    stimulusName: 'undeterminedStimulus_',
    influence: 0.04547527820646674
  },
  {
    beforeAlteration: [
      0.7994772601673229,
      0.0030919698392181507,
      0.12645773844253996,
      0.12645773844253996,
      0.12645773844253996,
      0.3163102018658836
    ],
    afterAlteration: [
      0.8395804445411931,
      0.0024741621173860785,
      0.13200346883668193,
      0.13200346883668193,
      0.13200346883668193,
      0.3325513988561162
    ],
    stimulusName: 'x2_guilt_stimulus_',
    influence: 0.026859647375613267
  }
]
ending emotion received:  [
  0.8395804445411931,
  0.0024741621173860785,
  0.13200346883668193,
  0.13200346883668193,
  0.13200346883668193,
  0.3325513988561162
]
new cycle:  52
starting emotion received:  [
  0.8395804445411931,
  0.0024741621173860785,
  0.13200346883668193,
  0.13200346883668193,
  0.13200346883668193,
  0.3325513988561162
]
current stimuli influence received:  [
  {
    beforeAlteration: [
      0.8395804445411931,
      0.0024741621173860785,
      0.13200346883668193,
      0.13200346883668193,
      0.13200346883668193,
      0.3325513988561162
    ],
    afterAlteration: [
      0.7724140089778976,
      0.0022762291479951923,
      0.12144319132974737,
      0.12144319132974737,
      0.12144319132974737,
      0.30594728694762685
    ],
    stimulusName: 'undeterminedStimulus_',
    influence: 0.04398382188877904
  }
]
ending emotion received:  [
  0.7724140089778976,
  0.0022762291479951923,
  0.12144319132974737,
  0.12144319132974737,
  0.12144319132974737,
  0.30594728694762685
]
new cycle:  53
starting emotion received:  [
  0.7724140089778976,
  0.0022762291479951923,
  0.12144319132974737,
  0.12144319132974737,
  0.12144319132974737,
  0.30594728694762685
]
current stimuli influence received:  [
  {
    beforeAlteration: [
      0.7724140089778976,
      0.0022762291479951923,
      0.12144319132974737,
      0.12144319132974737,
      0.12144319132974737,
      0.30594728694762685
    ],
    afterAlteration: [
      0.7106208882596657,
      0.0020941308161555768,
      0.11172773602336758,
      0.11172773602336758,
      0.11172773602336758,
      0.2814715039918167
    ],
    stimulusName: 'undeterminedStimulus_',
    influence: 0.041493803026197526
  }
]
ending emotion received:  [
  0.7106208882596657,
  0.0020941308161555768,
  0.11172773602336758,
  0.11172773602336758,
  0.11172773602336758,
  0.2814715039918167
]
new cycle:  54
starting emotion received:  [
  0.7106208882596657,
  0.0020941308161555768,
  0.11172773602336758,
  0.11172773602336758,
  0.11172773602336758,
  0.2814715039918167
]
current stimuli influence received:  [
  {
    beforeAlteration: [
      0.7106208882596657,
      0.0020941308161555768,
      0.11172773602336758,
      0.11172773602336758,
      0.11172773602336758,
      0.2814715039918167
    ],
    afterAlteration: [
      0.6537712171988924,
      0.0019266003508631305,
      0.10278951714149817,
      0.10278951714149817,
      0.10278951714149817,
      0.25895378367247135
    ],
    stimulusName: 'undeterminedStimulus_',
    influence: 0.03817429878410172
  }
]
ending emotion received:  [
  0.6537712171988924,
  0.0019266003508631305,
  0.10278951714149817,
  0.10278951714149817,
  0.10278951714149817,
  0.25895378367247135
]
new cycle:  55
Disliked speaker negative stimulus conditioning done for:  y1
starting emotion received:  [
  0.6537712171988924,
  0.0019266003508631305,
  0.10278951714149817,
  0.10278951714149817,
  0.10278951714149817,
  0.25895378367247135
]
current stimuli influence received:  [
  {
    beforeAlteration: [
      0.6537712171988924,
      0.0019266003508631305,
      0.10278951714149817,
      0.10278951714149817,
      0.10278951714149817,
      0.25895378367247135
    ],
    afterAlteration: [
      0.601469519822981,
      0.00177247232279408,
      0.09456635577017831,
      0.09456635577017831,
      0.09456635577017831,
      0.23823748097867364
    ],
    stimulusName: 'undeterminedStimulus_',
    influence: 0.03512035488137358
  }
]
ending emotion received:  [
  0.601469519822981,
  0.00177247232279408,
  0.09456635577017831,
  0.09456635577017831,
  0.09456635577017831,
  0.23823748097867364
]
new cycle:  56
perception change objects received:  [
  {
    stimulusName: 'y1',
    beforeAlteration: [ 0, 0, 0, 0, 0, 0 ],
    afterAlteration: [
      0.42000000000000004,
      0,
      0.42000000000000004,
      0.42000000000000004,
      0.42000000000000004,
      0
    ],
    influence: 0.39999960000000007
  }
]
starting emotion received:  [
  0.601469519822981,
  0.00177247232279408,
  0.09456635577017831,
  0.09456635577017831,
  0.09456635577017831,
  0.23823748097867364
]
current stimuli influence received:  [
  {
    beforeAlteration: [
      0.601469519822981,
      0.00177247232279408,
      0.09456635577017831,
      0.09456635577017831,
      0.09456635577017831,
      0.23823748097867364
    ],
    afterAlteration: [
      0.5063069036278098,
      0.0008429878367208645,
      0.2652237588042968,
      0.2652237588042968,
      0.2652237588042968,
      0.11330574595345719
    ],
    stimulusName: 'y1',
    influence: 0.16266326950939197
  },
  {
    beforeAlteration: [
      0.5063069036278098,
      0.0008429878367208645,
      0.2652237588042968,
      0.2652237588042968,
      0.2652237588042968,
      0.11330574595345719
    ],
    afterAlteration: [
      0.465802351337585,
      0.0007755488097831953,
      0.24400585809995307,
      0.24400585809995307,
      0.24400585809995307,
      0.10424128627718061
    ],
    stimulusName: 'undeterminedStimulus_',
    influence: 0.031974863245301494
  }
]
short term objects received:  [ { stimulusName: 'y1', influence: 0.16266326950939197 } ]
ending emotion received:  [
  0.465802351337585,
  0.0007755488097831953,
  0.24400585809995307,
  0.24400585809995307,
  0.24400585809995307,
  0.10424128627718061
]
new cycle:  57
starting emotion received:  [
  0.465802351337585,
  0.0007755488097831953,
  0.24400585809995307,
  0.24400585809995307,
  0.24400585809995307,
  0.10424128627718061
]
current stimuli influence received:  [
  {
    beforeAlteration: [
      0.465802351337585,
      0.0007755488097831953,
      0.24400585809995307,
      0.24400585809995307,
      0.24400585809995307,
      0.10424128627718061
    ],
    afterAlteration: [
      0.45379297481687025,
      0.0005721999118580415,
      0.29015152210614537,
      0.29015152210614537,
      0.29015152210614537,
      0.07690922101530386
    ],
    stimulusName: 'y1',
    influence: 0.10290072070410936
  },
  {
    beforeAlteration: [
      0.45379297481687025,
      0.0005721999118580415,
      0.29015152210614537,
      0.29015152210614537,
      0.29015152210614537,
      0.07690922101530386
    ],
    afterAlteration: [
      0.4174895368315206,
      0.0005264239189093982,
      0.26693940033765373,
      0.26693940033765373,
      0.26693940033765373,
      0.07075648333407955
    ],
    stimulusName: 'undeterminedStimulus_',
    influence: 0.029622541232926458
  }
]
short term objects received:  [ { stimulusName: 'y1', influence: 0.10290072070410936 } ]
ending emotion received:  [
  0.4174895368315206,
  0.0005264239189093982,
  0.26693940033765373,
  0.26693940033765373,
  0.26693940033765373,
  0.07075648333407955
]
new cycle:  58
starting emotion received:  [
  0.4174895368315206,
  0.0005264239189093982,
  0.26693940033765373,
  0.26693940033765373,
  0.26693940033765373,
  0.07075648333407955
]
current stimuli influence received:  [
  {
    beforeAlteration: [
      0.4174895368315206,
      0.0005264239189093982,
      0.26693940033765373,
      0.26693940033765373,
      0.26693940033765373,
      0.07075648333407955
    ],
    afterAlteration: [
      0.41792836579337084,
      0.00043440501788403536,
      0.2936943931586319,
      0.2936943931586319,
      0.2936943931586319,
      0.058388250047282444
    ],
    stimulusName: 'y1',
    influence: 0.03386051975278227
  },
  {
    beforeAlteration: [
      0.41792836579337084,
      0.00043440501788403536,
      0.2936943931586319,
      0.2936943931586319,
      0.2936943931586319,
      0.058388250047282444
    ],
    afterAlteration: [
      0.3844940965299012,
      0.0003996526164533125,
      0.27019884170594133,
      0.27019884170594133,
      0.27019884170594133,
      0.05371719004349985
    ],
    stimulusName: 'undeterminedStimulus_',
    influence: 0.028263063847381795
  }
]
ending emotion received:  [
  0.3844940965299012,
  0.0003996526164533125,
  0.27019884170594133,
  0.27019884170594133,
  0.27019884170594133,
  0.05371719004349985
]
new cycle:  59
starting emotion received:  [
  0.3844940965299012,
  0.0003996526164533125,
  0.27019884170594133,
  0.27019884170594133,
  0.27019884170594133,
  0.05371719004349985
]
current stimuli influence received:  [
  {
    beforeAlteration: [
      0.3844940965299012,
      0.0003996526164533125,
      0.27019884170594133,
      0.27019884170594133,
      0.27019884170594133,
      0.05371719004349985
    ],
    afterAlteration: [
      0.3537345688075091,
      0.0003676804071370475,
      0.24858293436946602,
      0.24858293436946602,
      0.24858293436946602,
      0.04941981484001986
    ],
    stimulusName: 'undeterminedStimulus_',
    influence: 0.026470814359869428
  }
]
ending emotion received:  [
  0.3537345688075091,
  0.0003676804071370475,
  0.24858293436946602,
  0.24858293436946602,
  0.24858293436946602,
  0.04941981484001986
]
new cycle:  60
Liked speaker negative stimulus conditioning done for:  y2
starting emotion received:  [
  0.3537345688075091,
  0.0003676804071370475,
  0.24858293436946602,
  0.24858293436946602,
  0.24858293436946602,
  0.04941981484001986
]
current stimuli influence received:  [
  {
    beforeAlteration: [
      0.3537345688075091,
      0.0003676804071370475,
      0.24858293436946602,
      0.24858293436946602,
      0.24858293436946602,
      0.04941981484001986
    ],
    afterAlteration: [
      0.32543580330290833,
      0.0003382659745660837,
      0.22869629961990873,
      0.22869629961990873,
      0.22869629961990873,
      0.04546622965281827
    ],
    stimulusName: 'undeterminedStimulus_',
    influence: 0.024353149211079887
  }
]
ending emotion received:  [
  0.32543580330290833,
  0.0003382659745660837,
  0.22869629961990873,
  0.22869629961990873,
  0.22869629961990873,
  0.04546622965281827
]
new cycle:  61
perception change objects received:  [
  {
    stimulusName: 'y2',
    beforeAlteration: [ 0, 0, 0, 0, 0, 0 ],
    afterAlteration: [ 1, 0, 1, 1, 1, 0 ],
    influence: 0.9523800000000001
  }
]
starting emotion received:  [
  0.32543580330290833,
  0.0003382659745660837,
  0.22869629961990873,
  0.22869629961990873,
  0.22869629961990873,
  0.04546622965281827
]
current stimuli influence received:  [
  {
    beforeAlteration: [
      0.32543580330290833,
      0.0003382659745660837,
      0.22869629961990873,
      0.22869629961990873,
      0.22869629961990873,
      0.04546622965281827
    ],
    afterAlteration: [ 1, 0, 1, 1, 1, 0 ],
    stimulusName: 'y2',
    influence: 0.729880773822523
  },
  {
    beforeAlteration: [ 1, 0, 1, 1, 1, 0 ],
    afterAlteration: [
      0.9199999999999999,
      0,
      0.9199999999999999,
      0.9199999999999999,
      0.9199999999999999,
      0
    ],
    stimulusName: 'undeterminedStimulus_',
    influence: 0.04976441733030915
  }
]
short term objects received:  [ { stimulusName: 'y2', influence: 0.729880773822523 } ]
ending emotion received:  [
  0.9199999999999999,
  0,
  0.9199999999999999,
  0.9199999999999999,
  0.9199999999999999,
  0
]
new cycle:  62
Negative mood posture request is being sent.
Negative mood decision making for the disliked speaker
decision made:  {
  action: 'chooseOption_',
  options: [ 'x1', 'y1', 'z1' ],
  choice: 'z1'
}
starting emotion received:  [
  0.9199999999999999,
  0,
  0.9199999999999999,
  0.9199999999999999,
  0.9199999999999999,
  0
]
current stimuli influence received:  [
  {
    beforeAlteration: [
      0.9199999999999999,
      0,
      0.9199999999999999,
      0.9199999999999999,
      0.9199999999999999,
      0
    ],
    afterAlteration: [ 0.96, 0, 0.96, 0.96, 0.96, 0 ],
    stimulusName: 'y2',
    influence: 0.3839879869112615
  },
  {
    beforeAlteration: [ 0.96, 0, 0.96, 0.96, 0.96, 0 ],
    afterAlteration: [ 0.8832, 0, 0.8832, 0.8832, 0.8832, 0 ],
    stimulusName: 'undeterminedStimulus_',
    influence: 0.07466659200000003
  }
]
short term objects received:  [ { stimulusName: 'y2', influence: 0.3839879869112615 } ]
ending emotion received:  [ 0.8832, 0, 0.8832, 0.8832, 0.8832, 0 ]
new cycle:  63
posture response received:  { startingPose: '2', endingPose: '2' }
starting emotion received:  [ 0.8832, 0, 0.8832, 0.8832, 0.8832, 0 ]
current stimuli influence received:  [
  {
    beforeAlteration: [ 0.8832, 0, 0.8832, 0.8832, 0.8832, 0 ],
    afterAlteration: [
      0.5706576,
      0.07341600000000002,
      0.5706576,
      0.5706576,
      0.5706576,
      0.07341600000000002
    ],
    stimulusName: 'z1_anticipated_stimulus_',
    influence: 0.30115512741600003
  },
  {
    beforeAlteration: [
      0.5706576,
      0.07341600000000002,
      0.5706576,
      0.5706576,
      0.5706576,
      0.07341600000000002
    ],
    afterAlteration: [
      0.5710069423999999,
      0.07334258400000002,
      0.5710069423999999,
      0.5710069423999999,
      0.5710069423999999,
      0.07334258400000002
    ],
    stimulusName: 'pose_stimulus_2',
    influence: 0.00033620271141595497
  },
  {
    beforeAlteration: [
      0.5710069423999999,
      0.07334258400000002,
      0.5710069423999999,
      0.5710069423999999,
      0.5710069423999999,
      0.07334258400000002
    ],
    afterAlteration: [
      0.7140046282666666,
      0.04889505600000001,
      0.7140046282666666,
      0.7140046282666666,
      0.7140046282666666,
      0.04889505600000001
    ],
    stimulusName: 'y2',
    influence: 0.087723751450764
  },
  {
    beforeAlteration: [
      0.7140046282666666,
      0.04889505600000001,
      0.7140046282666666,
      0.7140046282666666,
      0.7140046282666666,
      0.04889505600000001
    ],
    afterAlteration: [
      0.6568842580053332,
      0.04498345152000001,
      0.6568842580053332,
      0.6568842580053332,
      0.6568842580053332,
      0.04498345152000001
    ],
    stimulusName: 'undeterminedStimulus_',
    influence: 0.06386467446161087
  }
]
short term objects received:  [
  {
    stimulusName: 'pose_stimulus_2',
    influence: 0.00033620271141595497
  }
]
ending emotion received:  [
  0.6568842580053332,
  0.04498345152000001,
  0.6568842580053332,
  0.6568842580053332,
  0.6568842580053332,
  0.04498345152000001
]
new cycle:  64
starting emotion received:  [
  0.6568842580053332,
  0.04498345152000001,
  0.6568842580053332,
  0.6568842580053332,
  0.6568842580053332,
  0.04498345152000001
]
current stimuli influence received:  [
  {
    beforeAlteration: [
      0.6568842580053332,
      0.04498345152000001,
      0.6568842580053332,
      0.6568842580053332,
      0.6568842580053332,
      0.04498345152000001
    ],
    afterAlteration: [
      0.6570158158763305,
      0.04496095979424001,
      0.6570158158763305,
      0.6570158158763305,
      0.6570158158763305,
      0.04496095979424001
    ],
    stimulusName: 'pose_stimulus_2',
    influence: 0.00023128341504265434
  },
  {
    beforeAlteration: [
      0.6570158158763305,
      0.04496095979424001,
      0.6570158158763305,
      0.6570158158763305,
      0.6570158158763305,
      0.04496095979424001
    ],
    afterAlteration: [
      0.6044545506062241,
      0.041364083010700804,
      0.6044545506062241,
      0.6044545506062241,
      0.6044545506062241,
      0.041364083010700804
    ],
    stimulusName: 'undeterminedStimulus_',
    influence: 0.052408071208360524
  }
]
ending emotion received:  [
  0.6044545506062241,
  0.041364083010700804,
  0.6044545506062241,
  0.6044545506062241,
  0.6044545506062241,
  0.041364083010700804
]
new cycle:  65
Negative mood decision making for the liked speaker
decision made:  {
  action: 'chooseOption_',
  options: [ 'x2', 'y2', 'z2' ],
  choice: 'z2'
}
starting emotion received:  [
  0.6044545506062241,
  0.041364083010700804,
  0.6044545506062241,
  0.6044545506062241,
  0.6044545506062241,
  0.041364083010700804
]
current stimuli influence received:  [
  {
    beforeAlteration: [
      0.6044545506062241,
      0.041364083010700804,
      0.6044545506062241,
      0.6044545506062241,
      0.6044545506062241,
      0.041364083010700804
    ],
    afterAlteration: [
      0.5022272753031121,
      0.2206820415053504,
      0.5022272753031121,
      0.5022272753031121,
      0.5022272753031121,
      0.2206820415053504
    ],
    stimulusName: 'z2_anticipated_stimulus_',
    influence: 0.160962872962202
  },
  {
    beforeAlteration: [
      0.5022272753031121,
      0.2206820415053504,
      0.5022272753031121,
      0.5022272753031121,
      0.5022272753031121,
      0.2206820415053504
    ],
    afterAlteration: [
      0.4620490932788631,
      0.20302747818492237,
      0.4620490932788631,
      0.4620490932788631,
      0.4620490932788631,
      0.20302747818492237
    ],
    stimulusName: 'undeterminedStimulus_',
    influence: 0.044667583570254486
  }
]
short term objects received:  [
  {
    stimulusName: 'z2_anticipated_stimulus_',
    influence: 0.160962872962202
  }
]
ending emotion received:  [
  0.4620490932788631,
  0.20302747818492237,
  0.4620490932788631,
  0.4620490932788631,
  0.4620490932788631,
  0.20302747818492237
]
new cycle:  66
starting emotion received:  [
  0.4620490932788631,
  0.20302747818492237,
  0.4620490932788631,
  0.4620490932788631,
  0.4620490932788631,
  0.20302747818492237
]
current stimuli influence received:  [
  {
    beforeAlteration: [
      0.4620490932788631,
      0.20302747818492237,
      0.4620490932788631,
      0.4620490932788631,
      0.4620490932788631,
      0.20302747818492237
    ],
    afterAlteration: [
      0.44653681995914735,
      0.2522706086386918,
      0.44653681995914735,
      0.44653681995914735,
      0.44653681995914735,
      0.2522706086386918
    ],
    stimulusName: 'z2_anticipated_stimulus_',
    influence: 0.10108740287175422
  },
  {
    beforeAlteration: [
      0.44653681995914735,
      0.2522706086386918,
      0.44653681995914735,
      0.44653681995914735,
      0.44653681995914735,
      0.2522706086386918
    ],
    afterAlteration: [
      0.41081387436241557,
      0.23208895994759643,
      0.41081387436241557,
      0.41081387436241557,
      0.41081387436241557,
      0.23208895994759643
    ],
    stimulusName: 'undeterminedStimulus_',
    influence: 0.03704421925172319
  }
]
short term objects received:  [
  {
    stimulusName: 'z2_anticipated_stimulus_',
    influence: 0.10108740287175422
  }
]
ending emotion received:  [
  0.41081387436241557,
  0.23208895994759643,
  0.41081387436241557,
  0.41081387436241557,
  0.41081387436241557,
  0.23208895994759643
]
new cycle:  67
starting emotion received:  [
  0.41081387436241557,
  0.23208895994759643,
  0.41081387436241557,
  0.41081387436241557,
  0.41081387436241557,
  0.23208895994759643
]
current stimuli influence received:  [
  {
    beforeAlteration: [
      0.41081387436241557,
      0.23208895994759643,
      0.41081387436241557,
      0.41081387436241557,
      0.41081387436241557,
      0.23208895994759643
    ],
    afterAlteration: [
      0.40901156196867966,
      0.26007413328966367,
      0.40901156196867966,
      0.40901156196867966,
      0.40901156196867966,
      0.26007413328966367
    ],
    stimulusName: 'z2_anticipated_stimulus_',
    influence: 0.0314815349303537
  },
  {
    beforeAlteration: [
      0.40901156196867966,
      0.26007413328966367,
      0.40901156196867966,
      0.40901156196867966,
      0.40901156196867966,
      0.26007413328966367
    ],
    afterAlteration: [
      0.37629063701118526,
      0.23926820262649057,
      0.37629063701118526,
      0.37629063701118526,
      0.37629063701118526,
      0.23926820262649057
    ],
    stimulusName: 'undeterminedStimulus_',
    influence: 0.033568180489852426
  }
]
ending emotion received:  [
  0.37629063701118526,
  0.23926820262649057,
  0.37629063701118526,
  0.37629063701118526,
  0.37629063701118526,
  0.23926820262649057
]
new cycle:  68
starting emotion received:  [
  0.37629063701118526,
  0.23926820262649057,
  0.37629063701118526,
  0.37629063701118526,
  0.37629063701118526,
  0.23926820262649057
]
current stimuli influence received:  [
  {
    beforeAlteration: [
      0.37629063701118526,
      0.23926820262649057,
      0.37629063701118526,
      0.37629063701118526,
      0.37629063701118526,
      0.23926820262649057
    ],
    afterAlteration: [
      0.3461873860502904,
      0.2201267464163713,
      0.3461873860502904,
      0.3461873860502904,
      0.3461873860502904,
      0.2201267464163713
    ],
    stimulusName: 'undeterminedStimulus_',
    influence: 0.03086737163833743
  }
]
ending emotion received:  [
  0.3461873860502904,
  0.2201267464163713,
  0.3461873860502904,
  0.3461873860502904,
  0.3461873860502904,
  0.2201267464163713
]
new cycle:  69
starting emotion received:  [
  0.3461873860502904,
  0.2201267464163713,
  0.3461873860502904,
  0.3461873860502904,
  0.3461873860502904,
  0.2201267464163713
]
current stimuli influence received:  [
  {
    beforeAlteration: [
      0.3461873860502904,
      0.2201267464163713,
      0.3461873860502904,
      0.3461873860502904,
      0.3461873860502904,
      0.2201267464163713
    ],
    afterAlteration: [
      0.3184923951662672,
      0.2025166067030616,
      0.3184923951662672,
      0.3184923951662672,
      0.3184923951662672,
      0.2025166067030616
    ],
    stimulusName: 'undeterminedStimulus_',
    influence: 0.028397981907270414
  }
]
ending emotion received:  [
  0.3184923951662672,
  0.2025166067030616,
  0.3184923951662672,
  0.3184923951662672,
  0.3184923951662672,
  0.2025166067030616
]
new cycle:  70
starting emotion received:  [
  0.3184923951662672,
  0.2025166067030616,
  0.3184923951662672,
  0.3184923951662672,
  0.3184923951662672,
  0.2025166067030616
]
current stimuli influence received:  [
  {
    beforeAlteration: [
      0.3184923951662672,
      0.2025166067030616,
      0.3184923951662672,
      0.3184923951662672,
      0.3184923951662672,
      0.2025166067030616
    ],
    afterAlteration: [
      0.29301300355296583,
      0.18631527816681667,
      0.29301300355296583,
      0.29301300355296583,
      0.29301300355296583,
      0.18631527816681667
    ],
    stimulusName: 'undeterminedStimulus_',
    influence: 0.02612614335468877
  }
]
ending emotion received:  [
  0.29301300355296583,
  0.18631527816681667,
  0.29301300355296583,
  0.29301300355296583,
  0.29301300355296583,
  0.18631527816681667
]
new cycle:  71
starting emotion received:  [
  0.29301300355296583,
  0.18631527816681667,
  0.29301300355296583,
  0.29301300355296583,
  0.29301300355296583,
  0.18631527816681667
]
current stimuli influence received:  [
  {
    beforeAlteration: [
      0.29301300355296583,
      0.18631527816681667,
      0.29301300355296583,
      0.29301300355296583,
      0.29301300355296583,
      0.18631527816681667
    ],
    afterAlteration: [
      0.26957196326872856,
      0.17141005591347133,
      0.26957196326872856,
      0.26957196326872856,
      0.26957196326872856,
      0.17141005591347133
    ],
    stimulusName: 'undeterminedStimulus_',
    influence: 0.024036051886313678
  }
]
ending emotion received:  [
  0.26957196326872856,
  0.17141005591347133,
  0.26957196326872856,
  0.26957196326872856,
  0.26957196326872856,
  0.17141005591347133
]
new cycle:  72
starting emotion received:  [
  0.26957196326872856,
  0.17141005591347133,
  0.26957196326872856,
  0.26957196326872856,
  0.26957196326872856,
  0.17141005591347133
]
current stimuli influence received:  [
  {
    beforeAlteration: [
      0.26957196326872856,
      0.17141005591347133,
      0.26957196326872856,
      0.26957196326872856,
      0.26957196326872856,
      0.17141005591347133
    ],
    afterAlteration: [
      0.24800620620723027,
      0.15769725144039362,
      0.24800620620723027,
      0.24800620620723027,
      0.24800620620723027,
      0.15769725144039362
    ],
    stimulusName: 'undeterminedStimulus_',
    influence: 0.02211316773540859
  }
]
ending emotion received:  [
  0.24800620620723027,
  0.15769725144039362,
  0.24800620620723027,
  0.24800620620723027,
  0.24800620620723027,
  0.15769725144039362
]
new cycle:  73
starting emotion received:  [
  0.24800620620723027,
  0.15769725144039362,
  0.24800620620723027,
  0.24800620620723027,
  0.24800620620723027,
  0.15769725144039362
]
current stimuli influence received:  [
  {
    beforeAlteration: [
      0.24800620620723027,
      0.15769725144039362,
      0.24800620620723027,
      0.24800620620723027,
      0.24800620620723027,
      0.15769725144039362
    ],
    afterAlteration: [
      0.22816570971065184,
      0.14508147132516214,
      0.22816570971065184,
      0.22816570971065184,
      0.22816570971065184,
      0.14508147132516214
    ],
    stimulusName: 'undeterminedStimulus_',
    influence: 0.020344114316575908
  }
]
ending emotion received:  [
  0.22816570971065184,
  0.14508147132516214,
  0.22816570971065184,
  0.22816570971065184,
  0.22816570971065184,
  0.14508147132516214
]
new cycle:  74
starting emotion received:  [
  0.22816570971065184,
  0.14508147132516214,
  0.22816570971065184,
  0.22816570971065184,
  0.22816570971065184,
  0.14508147132516214
]
current stimuli influence received:  [
  {
    beforeAlteration: [
      0.22816570971065184,
      0.14508147132516214,
      0.22816570971065184,
      0.22816570971065184,
      0.22816570971065184,
      0.14508147132516214
    ],
    afterAlteration: [
      0.20991245293379968,
      0.13347495361914916,
      0.20991245293379968,
      0.20991245293379968,
      0.20991245293379968,
      0.13347495361914916
    ],
    stimulusName: 'undeterminedStimulus_',
    influence: 0.018716585171249835
  }
]
ending emotion received:  [
  0.20991245293379968,
  0.13347495361914916,
  0.20991245293379968,
  0.20991245293379968,
  0.20991245293379968,
  0.13347495361914916
]
new cycle:  75
Testing ended. Cycles completed:  75
Exiting RIO.
Saved output file.
starting emotion received:  [
  0.20991245293379968,
  0.13347495361914916,
  0.20991245293379968,
  0.20991245293379968,
  0.20991245293379968,
  0.13347495361914916
]
current stimuli influence received:  [
  {
    beforeAlteration: [
      0.20991245293379968,
      0.13347495361914916,
      0.20991245293379968,
      0.20991245293379968,
      0.20991245293379968,
      0.13347495361914916
    ],
    afterAlteration: [
      0.1931194566990957,
      0.12279695732961722,
      0.1931194566990957,
      0.1931194566990957,
      0.1931194566990957,
      0.12279695732961722
    ],
    stimulusName: 'undeterminedStimulus_',
    influence: 0.017219258357549852
  }
]
ending emotion received:  [
  0.1931194566990957,
  0.12279695732961722,
  0.1931194566990957,
  0.1931194566990957,
  0.1931194566990957,
  0.12279695732961722
]
new cycle:  76
starting emotion received:  [
  0.1931194566990957,
  0.12279695732961722,
  0.1931194566990957,
  0.1931194566990957,
  0.1931194566990957,
  0.12279695732961722
]
current stimuli influence received:  [
  {
    beforeAlteration: [
      0.1931194566990957,
      0.12279695732961722,
      0.1931194566990957,
      0.1931194566990957,
      0.1931194566990957,
      0.12279695732961722
    ],
    afterAlteration: [
      0.17766990016316803,
      0.11297320074324785,
      0.17766990016316803,
      0.17766990016316803,
      0.17766990016316803,
      0.11297320074324785
    ],
    stimulusName: 'undeterminedStimulus_',
    influence: 0.01584171768894586
  }
]
ending emotion received:  [
  0.17766990016316803,
  0.11297320074324785,
  0.17766990016316803,
  0.17766990016316803,
  0.17766990016316803,
  0.11297320074324785
]
new cycle:  77
starting emotion received:  [
  0.17766990016316803,
  0.11297320074324785,
  0.17766990016316803,
  0.17766990016316803,
  0.17766990016316803,
  0.11297320074324785
]
current stimuli influence received:  [
  {
    beforeAlteration: [
      0.17766990016316803,
      0.11297320074324785,
      0.17766990016316803,
      0.17766990016316803,
      0.17766990016316803,
      0.11297320074324785
    ],
    afterAlteration: [
      0.16345630815011458,
      0.10393534468378801,
      0.16345630815011458,
      0.16345630815011458,
      0.16345630815011458,
      0.10393534468378801
    ],
    stimulusName: 'undeterminedStimulus_',
    influence: 0.014574380273830186
  }
]
ending emotion received:  [
  0.16345630815011458,
  0.10393534468378801,
  0.16345630815011458,
  0.16345630815011458,
  0.16345630815011458,
  0.10393534468378801
]
new cycle:  78
starting emotion received:  [
  0.16345630815011458,
  0.10393534468378801,
  0.16345630815011458,
  0.16345630815011458,
  0.16345630815011458,
  0.10393534468378801
]
current stimuli influence received:  [
  {
    beforeAlteration: [
      0.16345630815011458,
      0.10393534468378801,
      0.16345630815011458,
      0.16345630815011458,
      0.16345630815011458,
      0.10393534468378801
    ],
    afterAlteration: [
      0.15037980349810542,
      0.09562051710908497,
      0.15037980349810542,
      0.15037980349810542,
      0.15037980349810542,
      0.09562051710908497
    ],
    stimulusName: 'undeterminedStimulus_',
    influence: 0.013408429851923762
  }
]
ending emotion received:  [
  0.15037980349810542,
  0.09562051710908497,
  0.15037980349810542,
  0.15037980349810542,
  0.15037980349810542,
  0.09562051710908497
]
new cycle:  79

D:\RIO\newRIO>